<?xml version="1.0" encoding="UTF-8"?>
<testng-results ignored="0" total="1" passed="1" failed="0" skipped="0">
  <reporter-output>
  </reporter-output>
  <suite started-at="2023-09-21T12:27:06 EDT" name="Surefire suite" finished-at="2023-09-21T12:27:15 EDT" duration-ms="8249">
    <groups>
    </groups>
    <test started-at="2023-09-21T12:27:06 EDT" name="Surefire test" finished-at="2023-09-21T12:27:15 EDT" duration-ms="8249">
      <class name="Bdd.jenkin.Testone">
        <test-method signature="mone()[pri:0, instance:Bdd.jenkin.Testone@7ff95560]" started-at="2023-09-21T12:27:06 EDT" name="mone" finished-at="2023-09-21T12:27:14 EDT" duration-ms="8046" status="PASS">
          <reporter-output>
          </reporter-output>
        </test-method> <!-- mone -->
        <test-method is-config="true" signature="clooser()[pri:0, instance:Bdd.jenkin.Testone@7ff95560]" started-at="2023-09-21T12:27:14 EDT" name="clooser" finished-at="2023-09-21T12:27:15 EDT" duration-ms="154" status="PASS">
          <reporter-output>
          </reporter-output>
        </test-method> <!-- clooser -->
      </class> <!-- Bdd.jenkin.Testone -->
    </test> <!-- Surefire test -->
  </suite> <!-- Surefire suite -->
</testng-results>
