<?xml version="1.0" encoding="UTF-8"?>
<testng-results ignored="0" total="1" passed="1" failed="0" skipped="0">
  <reporter-output>
  </reporter-output>
  <suite started-at="2023-09-21T12:13:09 EDT" name="Default suite" finished-at="2023-09-21T12:13:14 EDT" duration-ms="4612">
    <groups>
    </groups>
    <test started-at="2023-09-21T12:13:09 EDT" name="Default test" finished-at="2023-09-21T12:13:14 EDT" duration-ms="4612">
      <class name="Bdd.jenkin.Testone">
        <test-method signature="mone()[pri:0, instance:Bdd.jenkin.Testone@55a147cc]" started-at="2023-09-21T12:13:09 EDT" name="mone" finished-at="2023-09-21T12:13:13 EDT" duration-ms="4285" status="PASS">
          <reporter-output>
          </reporter-output>
        </test-method> <!-- mone -->
        <test-method is-config="true" signature="clooser()[pri:0, instance:Bdd.jenkin.Testone@55a147cc]" started-at="2023-09-21T12:13:13 EDT" name="clooser" finished-at="2023-09-21T12:13:13 EDT" duration-ms="196" status="PASS">
          <reporter-output>
          </reporter-output>
        </test-method> <!-- clooser -->
      </class> <!-- Bdd.jenkin.Testone -->
    </test> <!-- Default test -->
  </suite> <!-- Default suite -->
</testng-results>
